<?xml version="1.0" encoding="UTF-8"?>
<!-- Generated by org.testng.reporters.JUnitReportReporter -->
<testsuite skipped="0" hostname="PUNHJW119234L" name="simpletest" tests="1" failures="0" timestamp="20 Mar 2021 16:24:55 GMT" time="3.989" errors="0">
  <testcase name="getMethod" time="3.989" classname="simpletest"/>
</testsuite> <!-- simpletest -->
